# JRE version: OpenJDK Runtime Environment (8.0_151-b12) (build 1.8.0_151-8u151-b12-0ubuntu0.16.04.2-b12)
# Java VM: OpenJDK 64-Bit Server VM (25.151-b12 mixed mode linux-amd64 compressed oops)
Heap:
 PSYoungGen      total 208896K, used 26086K [0x00000000eab00000, 0x00000000f9700000, 0x0000000100000000)
  eden space 182784K, 0% used [0x00000000eab00000,0x00000000eab00000,0x00000000f5d80000)
  from space 26112K, 99% used [0x00000000f5d80000,0x00000000f76f9a18,0x00000000f7700000)
  to   space 19456K, 0% used [0x00000000f7700000,0x00000000f7700000,0x00000000f8a00000)
 ParOldGen       total 62976K, used 61096K [0x00000000c0000000, 0x00000000c3d80000, 0x00000000eab00000)
  object space 62976K, 97% used [0x00000000c0000000,0x00000000c3baa1c0,0x00000000c3d80000)
 Metaspace       used 6320K, capacity 7216K, committed 7296K, reserved 1056768K
  class space    used 588K, capacity 616K, committed 640K, reserved 1048576K
GC Heap History (10 events):
Event: 6.386 GC heap after
Heap after GC invocations=4 (full 0):
 PSYoungGen      total 51712K, used 3556K [0x00000000eab00000, 0x00000000ee100000, 0x0000000100000000)
  eden space 48128K, 0% used [0x00000000eab00000,0x00000000eab00000,0x00000000eda00000)
  from space 3584K, 99% used [0x00000000edd80000,0x00000000ee0f9200,0x00000000ee100000)
  to   space 3584K, 0% used [0x00000000eda00000,0x00000000eda00000,0x00000000edd80000)
 ParOldGen       total 62976K, used 13621K [0x00000000c0000000, 0x00000000c3d80000, 0x00000000eab00000)
  object space 62976K, 21% used [0x00000000c0000000,0x00000000c0d4d660,0x00000000c3d80000)
 Metaspace       used 5822K, capacity 6960K, committed 7040K, reserved 1056768K
  class space    used 569K, capacity 616K, committed 640K, reserved 1048576K
}
Event: 7.449 GC heap before
{Heap before GC invocations=5 (full 0):
 PSYoungGen      total 51712K, used 51684K [0x00000000eab00000, 0x00000000ee100000, 0x0000000100000000)
  eden space 48128K, 100% used [0x00000000eab00000,0x00000000eda00000,0x00000000eda00000)
  from space 3584K, 99% used [0x00000000edd80000,0x00000000ee0f9200,0x00000000ee100000)
  to   space 3584K, 0% used [0x00000000eda00000,0x00000000eda00000,0x00000000edd80000)
 ParOldGen       total 62976K, used 13621K [0x00000000c0000000, 0x00000000c3d80000, 0x00000000eab00000)
  object space 62976K, 21% used [0x00000000c0000000,0x00000000c0d4d660,0x00000000c3d80000)
 Metaspace       used 5911K, capacity 7024K, committed 7296K, reserved 1056768K
  class space    used 569K, capacity 616K, committed 640K, reserved 1048576K
Event: 7.526 GC heap after
Heap after GC invocations=5 (full 0):
 PSYoungGen      total 51712K, used 3556K [0x00000000eab00000, 0x00000000f1e00000, 0x0000000100000000)
  eden space 48128K, 0% used [0x00000000eab00000,0x00000000eab00000,0x00000000eda00000)
  from space 3584K, 99% used [0x00000000eda00000,0x00000000edd79200,0x00000000edd80000)
  to   space 10752K, 0% used [0x00000000f1380000,0x00000000f1380000,0x00000000f1e00000)
 ParOldGen       total 62976K, used 20693K [0x00000000c0000000, 0x00000000c3d80000, 0x00000000eab00000)
  object space 62976K, 32% used [0x00000000c0000000,0x00000000c14356a0,0x00000000c3d80000)
 Metaspace       used 5911K, capacity 7024K, committed 7296K, reserved 1056768K
  class space    used 569K, capacity 616K, committed 640K, reserved 1048576K
}
Event: 8.215 GC heap before
{Heap before GC invocations=6 (full 0):
 PSYoungGen      total 51712K, used 51684K [0x00000000eab00000, 0x00000000f1e00000, 0x0000000100000000)
  eden space 48128K, 100% used [0x00000000eab00000,0x00000000eda00000,0x00000000eda00000)
  from space 3584K, 99% used [0x00000000eda00000,0x00000000edd79200,0x00000000edd80000)
  to   space 10752K, 0% used [0x00000000f1380000,0x00000000f1380000,0x00000000f1e00000)
 ParOldGen       total 62976K, used 20693K [0x00000000c0000000, 0x00000000c3d80000, 0x00000000eab00000)
  object space 62976K, 32% used [0x00000000c0000000,0x00000000c14356a0,0x00000000c3d80000)
 Metaspace       used 6062K, capacity 7088K, committed 7296K, reserved 1056768K
  class space    used 588K, capacity 616K, committed 640K, reserved 1048576K
Event: 8.299 GC heap after
Heap after GC invocations=6 (full 0):
 PSYoungGen      total 105472K, used 10734K [0x00000000eab00000, 0x00000000f2100000, 0x0000000100000000)
  eden space 94720K, 0% used [0x00000000eab00000,0x00000000eab00000,0x00000000f0780000)
  from space 10752K, 99% used [0x00000000f1380000,0x00000000f1dfbbe0,0x00000000f1e00000)
  to   space 12288K, 0% used [0x00000000f0780000,0x00000000f0780000,0x00000000f1380000)
 ParOldGen       total 62976K, used 21297K [0x00000000c0000000, 0x00000000c3d80000, 0x00000000eab00000)
  object space 62976K, 33% used [0x00000000c0000000,0x00000000c14cc6e0,0x00000000c3d80000)
 Metaspace       used 6062K, capacity 7088K, committed 7296K, reserved 1056768K
  class space    used 588K, capacity 616K, committed 640K, reserved 1048576K
}
Event: 10.023 GC heap before
{Heap before GC invocations=7 (full 0):
 PSYoungGen      total 105472K, used 105454K [0x00000000eab00000, 0x00000000f2100000, 0x0000000100000000)
  eden space 94720K, 100% used [0x00000000eab00000,0x00000000f0780000,0x00000000f0780000)
  from space 10752K, 99% used [0x00000000f1380000,0x00000000f1dfbbe0,0x00000000f1e00000)
  to   space 12288K, 0% used [0x00000000f0780000,0x00000000f0780000,0x00000000f1380000)
 ParOldGen       total 62976K, used 21297K [0x00000000c0000000, 0x00000000c3d80000, 0x00000000eab00000)
  object space 62976K, 33% used [0x00000000c0000000,0x00000000c14cc6e0,0x00000000c3d80000)
 Metaspace       used 6196K, capacity 7152K, committed 7296K, reserved 1056768K
  class space    used 588K, capacity 616K, committed 640K, reserved 1048576K
Event: 11.250 GC heap after
Heap after GC invocations=7 (full 0):
 PSYoungGen      total 107008K, used 12264K [0x00000000eab00000, 0x00000000f8a00000, 0x0000000100000000)
  eden space 94720K, 0% used [0x00000000eab00000,0x00000000eab00000,0x00000000f0780000)
  from space 12288K, 99% used [0x00000000f0780000,0x00000000f137a2b8,0x00000000f1380000)
  to   space 19456K, 0% used [0x00000000f7700000,0x00000000f7700000,0x00000000f8a00000)
 ParOldGen       total 62976K, used 32970K [0x00000000c0000000, 0x00000000c3d80000, 0x00000000eab00000)
  object space 62976K, 52% used [0x00000000c0000000,0x00000000c2032a38,0x00000000c3d80000)
 Metaspace       used 6196K, capacity 7152K, committed 7296K, reserved 1056768K
  class space    used 588K, capacity 616K, committed 640K, reserved 1048576K
}
Event: 13.888 GC heap before
{Heap before GC invocations=8 (full 0):
 PSYoungGen      total 107008K, used 106984K [0x00000000eab00000, 0x00000000f8a00000, 0x0000000100000000)
  eden space 94720K, 100% used [0x00000000eab00000,0x00000000f0780000,0x00000000f0780000)
  from space 12288K, 99% used [0x00000000f0780000,0x00000000f137a2b8,0x00000000f1380000)
  to   space 19456K, 0% used [0x00000000f7700000,0x00000000f7700000,0x00000000f8a00000)
 ParOldGen       total 62976K, used 32970K [0x00000000c0000000, 0x00000000c3d80000, 0x00000000eab00000)
  object space 62976K, 52% used [0x00000000c0000000,0x00000000c2032a38,0x00000000c3d80000)
 Metaspace       used 6285K, capacity 7216K, committed 7296K, reserved 1056768K
  class space    used 588K, capacity 616K, committed 640K, reserved 1048576K
Event: 14.860 GC heap after
Heap after GC invocations=8 (full 0):
 PSYoungGen      total 202240K, used 19436K [0x00000000eab00000, 0x00000000f9700000, 0x0000000100000000)
  eden space 182784K, 0% used [0x00000000eab00000,0x00000000eab00000,0x00000000f5d80000)
  from space 19456K, 99% used [0x00000000f7700000,0x00000000f89fb170,0x00000000f8a00000)
  to   space 26112K, 0% used [0x00000000f5d80000,0x00000000f5d80000,0x00000000f7700000)
 ParOldGen       total 62976K, used 41062K [0x00000000c0000000, 0x00000000c3d80000, 0x00000000eab00000)
  object space 62976K, 65% used [0x00000000c0000000,0x00000000c2819b10,0x00000000c3d80000)
 Metaspace       used 6285K, capacity 7216K, committed 7296K, reserved 1056768K
  class space    used 588K, capacity 616K, committed 640K, reserved 1048576K
}
Event: 19.481 GC heap before
{Heap before GC invocations=9 (full 0):
 PSYoungGen      total 202240K, used 202220K [0x00000000eab00000, 0x00000000f9700000, 0x0000000100000000)
  eden space 182784K, 100% used [0x00000000eab00000,0x00000000f5d80000,0x00000000f5d80000)
  from space 19456K, 99% used [0x00000000f7700000,0x00000000f89fb170,0x00000000f8a00000)
  to   space 26112K, 0% used [0x00000000f5d80000,0x00000000f5d80000,0x00000000f7700000)
 ParOldGen       total 62976K, used 41062K [0x00000000c0000000, 0x00000000c3d80000, 0x00000000eab00000)
  object space 62976K, 65% used [0x00000000c0000000,0x00000000c2819b10,0x00000000c3d80000)
 Metaspace       used 6320K, capacity 7216K, committed 7296K, reserved 1056768K
  class space    used 588K, capacity 616K, committed 640K, reserved 1048576K

